<?xml version="1.0" encoding="UTF-8"?>
<!-- Generated by org.testng.reporters.JUnitReportReporter -->
<testsuite hostname="DELL" name="com.info.TestRunner.MainTest" tests="2" failures="0" timestamp="18 Jun 2017 11:51:37 GMT" time="83.607" errors="0">
  <testcase name="to_Validate_Enquiry_Form" time="41.918" classname="com.info.TestRunner.MainTest"/>
  <testcase name="to_Validate_HomeLoanDetails" time="41.689" classname="com.info.TestRunner.MainTest"/>
</testsuite> <!-- com.info.TestRunner.MainTest -->
