<?xml version="1.0" encoding="UTF-8"?>
<!-- Generated by org.testng.reporters.JUnitReportReporter -->
<testsuite hostname="DELL" name="com.info.TestRunner.MainTest" tests="1" failures="1" timestamp="3 Jun 2017 18:06:17 GMT" time="0.051" errors="0">
  <testcase name="run" time="0.051" classname="com.info.TestRunner.MainTest">
    <failure type="org.openqa.selenium.WebDriverException" message="Failed to connect to binary FirefoxBinary(C:\Program Files\Mozilla Firefox\firefox.exe) on port 7057; process output follows: 
&quot;:&quot;Mozilla&quot;,&quot;homepageURL&quot;:null,&quot;contributors&quot;:[&quot;Mozilla Contributors&quot;]},&quot;visible&quot;:true,&quot;active&quot;:true,&quot;userDisabled&quot;:false,&quot;appDisabled&quot;:false,&quot;descriptor&quot;:&quot;C:\\Program Files\\Mozilla Firefox\\browser\\extensions\\{972ce4c6-7e08-4474-a285-3208198ce6fd}.xpi&quot;,&quot;installDate&quot;:1490030987232,&quot;updateDate&quot;:1490030987232,&quot;applyBackgroundUpdates&quot;:1,&quot;skinnable&quot;:true,&quot;size&quot;:22012,&quot;sourceURI&quot;:null,&quot;releaseNotesURI&quot;:null,&quot;softDisabled&quot;:false,&quot;foreignInstall&quot;:false,&quot;hasBinaryComponents&quot;:false,&quot;strictCompatibility&quot;:true,&quot;locales&quot;:[],&quot;targetApplications&quot;:[{&quot;id&quot;:&quot;{ec8030f7-c20a-464f-9b0e-13a3a9e97384}&quot;,&quot;minVersion&quot;:&quot;47.0.2&quot;,&quot;maxVersion&quot;:&quot;47.0.2&quot;}],&quot;targetPlatforms&quot;:[],&quot;seen&quot;:true}
1496513123120	addons.xpi	DEBUG	getModTime: Recursive scan of {972ce4c6-7e08-4474-a285-3208198ce6fd}
1496513123175	DeferredSave.extensions.json	DEBUG	Save changes
1496513123176	addons.xpi	DEBUG	Updating database with changes to installed add-ons
1496513123176	addons.xpi-utils	DEBUG	Updating add-on states
1496513123181	addons.xpi-utils	DEBUG	Writing add-ons list
1496513123200	addons.xpi	DEBUG	Registering manifest for C:\Program Files\Mozilla Firefox\browser\features\e10srollout@mozilla.org.xpi
1496513123203	addons.xpi	DEBUG	Calling bootstrap method startup on e10srollout@mozilla.org version 1.0
1496513123204	addons.xpi	DEBUG	Registering manifest for C:\Program Files\Mozilla Firefox\browser\features\firefox@getpocket.com.xpi
1496513123211	addons.xpi	DEBUG	Calling bootstrap method startup on firefox@getpocket.com version 1.0.2
1496513123261	addons.xpi	DEBUG	Registering manifest for C:\Program Files\Mozilla Firefox\browser\features\loop@mozilla.org.xpi
1496513123266	addons.xpi	DEBUG	Calling bootstrap method startup on loop@mozilla.org version 1.3.2
1496513123559	addons.xpi	DEBUG	Registering manifest for C:\Program Files\Mozilla Firefox\browser\features\websensehelper@mozilla.org.xpi
1496513123562	addons.xpi	DEBUG	Calling bootstrap method startup on websensehelper@mozilla.org version 1.0
1496513123649	addons.manager	DEBUG	Registering shutdown blocker for XPIProvider
1496513123651	addons.manager	DEBUG	Provider finished startup: XPIProvider
1496513123652	addons.manager	DEBUG	Starting provider: LightweightThemeManager
1496513123652	addons.manager	DEBUG	Registering shutdown blocker for LightweightThemeManager
1496513123654	addons.manager	DEBUG	Provider finished startup: LightweightThemeManager
1496513123660	addons.manager	DEBUG	Starting provider: GMPProvider
1496513123942	addons.manager	DEBUG	Registering shutdown blocker for GMPProvider
1496513123944	addons.manager	DEBUG	Provider finished startup: GMPProvider
1496513123945	addons.manager	DEBUG	Starting provider: PluginProvider
1496513123945	addons.manager	DEBUG	Registering shutdown blocker for PluginProvider
1496513123963	addons.manager	DEBUG	Provider finished startup: PluginProvider
1496513123965	addons.manager	DEBUG	Completed startup sequence
1496513132017	addons.manager	DEBUG	Starting provider: &lt;unnamed-provider&gt;
1496513132017	addons.manager	DEBUG	Registering shutdown blocker for &lt;unnamed-provider&gt;
1496513132144	addons.manager	DEBUG	Provider finished startup: &lt;unnamed-provider&gt;
1496513142590	DeferredSave.extensions.json	DEBUG	Write succeeded
1496513142592	addons.xpi-utils	DEBUG	XPI Database saved, setting schema version preference to 17
1496513142598	DeferredSave.extensions.json	DEBUG	Starting timer
1496513142671	DeferredSave.extensions.json	DEBUG	Starting write
1496513143434	addons.repository	DEBUG	No addons.json found.
1496513143589	DeferredSave.addons.json	DEBUG	Save changes
1496513143646	DeferredSave.addons.json	DEBUG	Starting timer
1496513145509	addons.manager	DEBUG	Starting provider: PreviousExperimentProvider
1496513145510	addons.manager	DEBUG	Registering shutdown blocker for PreviousExperimentProvider
1496513145513	addons.manager	DEBUG	Provider finished startup: PreviousExperimentProvider
1496513145655	DeferredSave.addons.json	DEBUG	Starting write
1496513146956	DeferredSave.extensions.json	DEBUG	Write succeeded
1496513147899	DeferredSave.addons.json	DEBUG	Write succeeded

Build info: version: &#039;2.53.1&#039;, revision: &#039;a36b8b1cd5757287168e54b817830adce9b0158d&#039;, time: &#039;2016-06-30 19:26:09&#039;
System info: host: &#039;DELL&#039;, ip: &#039;192.168.0.3&#039;, os.name: &#039;Windows 7&#039;, os.arch: &#039;x86&#039;, os.version: &#039;6.1&#039;, java.version: &#039;1.8.0_121&#039;
Driver info: driver.version: FirefoxDriver">
      <![CDATA[org.openqa.selenium.WebDriverException: Failed to connect to binary FirefoxBinary(C:\Program Files\Mozilla Firefox\firefox.exe) on port 7057; process output follows: 
":"Mozilla","homepageURL":null,"contributors":["Mozilla Contributors"]},"visible":true,"active":true,"userDisabled":false,"appDisabled":false,"descriptor":"C:\\Program Files\\Mozilla Firefox\\browser\\extensions\\{972ce4c6-7e08-4474-a285-3208198ce6fd}.xpi","installDate":1490030987232,"updateDate":1490030987232,"applyBackgroundUpdates":1,"skinnable":true,"size":22012,"sourceURI":null,"releaseNotesURI":null,"softDisabled":false,"foreignInstall":false,"hasBinaryComponents":false,"strictCompatibility":true,"locales":[],"targetApplications":[{"id":"{ec8030f7-c20a-464f-9b0e-13a3a9e97384}","minVersion":"47.0.2","maxVersion":"47.0.2"}],"targetPlatforms":[],"seen":true}
1496513123120	addons.xpi	DEBUG	getModTime: Recursive scan of {972ce4c6-7e08-4474-a285-3208198ce6fd}
1496513123175	DeferredSave.extensions.json	DEBUG	Save changes
1496513123176	addons.xpi	DEBUG	Updating database with changes to installed add-ons
1496513123176	addons.xpi-utils	DEBUG	Updating add-on states
1496513123181	addons.xpi-utils	DEBUG	Writing add-ons list
1496513123200	addons.xpi	DEBUG	Registering manifest for C:\Program Files\Mozilla Firefox\browser\features\e10srollout@mozilla.org.xpi
1496513123203	addons.xpi	DEBUG	Calling bootstrap method startup on e10srollout@mozilla.org version 1.0
1496513123204	addons.xpi	DEBUG	Registering manifest for C:\Program Files\Mozilla Firefox\browser\features\firefox@getpocket.com.xpi
1496513123211	addons.xpi	DEBUG	Calling bootstrap method startup on firefox@getpocket.com version 1.0.2
1496513123261	addons.xpi	DEBUG	Registering manifest for C:\Program Files\Mozilla Firefox\browser\features\loop@mozilla.org.xpi
1496513123266	addons.xpi	DEBUG	Calling bootstrap method startup on loop@mozilla.org version 1.3.2
1496513123559	addons.xpi	DEBUG	Registering manifest for C:\Program Files\Mozilla Firefox\browser\features\websensehelper@mozilla.org.xpi
1496513123562	addons.xpi	DEBUG	Calling bootstrap method startup on websensehelper@mozilla.org version 1.0
1496513123649	addons.manager	DEBUG	Registering shutdown blocker for XPIProvider
1496513123651	addons.manager	DEBUG	Provider finished startup: XPIProvider
1496513123652	addons.manager	DEBUG	Starting provider: LightweightThemeManager
1496513123652	addons.manager	DEBUG	Registering shutdown blocker for LightweightThemeManager
1496513123654	addons.manager	DEBUG	Provider finished startup: LightweightThemeManager
1496513123660	addons.manager	DEBUG	Starting provider: GMPProvider
1496513123942	addons.manager	DEBUG	Registering shutdown blocker for GMPProvider
1496513123944	addons.manager	DEBUG	Provider finished startup: GMPProvider
1496513123945	addons.manager	DEBUG	Starting provider: PluginProvider
1496513123945	addons.manager	DEBUG	Registering shutdown blocker for PluginProvider
1496513123963	addons.manager	DEBUG	Provider finished startup: PluginProvider
1496513123965	addons.manager	DEBUG	Completed startup sequence
1496513132017	addons.manager	DEBUG	Starting provider: <unnamed-provider>
1496513132017	addons.manager	DEBUG	Registering shutdown blocker for <unnamed-provider>
1496513132144	addons.manager	DEBUG	Provider finished startup: <unnamed-provider>
1496513142590	DeferredSave.extensions.json	DEBUG	Write succeeded
1496513142592	addons.xpi-utils	DEBUG	XPI Database saved, setting schema version preference to 17
1496513142598	DeferredSave.extensions.json	DEBUG	Starting timer
1496513142671	DeferredSave.extensions.json	DEBUG	Starting write
1496513143434	addons.repository	DEBUG	No addons.json found.
1496513143589	DeferredSave.addons.json	DEBUG	Save changes
1496513143646	DeferredSave.addons.json	DEBUG	Starting timer
1496513145509	addons.manager	DEBUG	Starting provider: PreviousExperimentProvider
1496513145510	addons.manager	DEBUG	Registering shutdown blocker for PreviousExperimentProvider
1496513145513	addons.manager	DEBUG	Provider finished startup: PreviousExperimentProvider
1496513145655	DeferredSave.addons.json	DEBUG	Starting write
1496513146956	DeferredSave.extensions.json	DEBUG	Write succeeded
1496513147899	DeferredSave.addons.json	DEBUG	Write succeeded

Build info: version: '2.53.1', revision: 'a36b8b1cd5757287168e54b817830adce9b0158d', time: '2016-06-30 19:26:09'
System info: host: 'DELL', ip: '192.168.0.3', os.name: 'Windows 7', os.arch: 'x86', os.version: '6.1', java.version: '1.8.0_121'
Driver info: driver.version: FirefoxDriver
	at org.openqa.selenium.firefox.internal.NewProfileExtensionConnection.start(NewProfileExtensionConnection.java:125)
	at org.openqa.selenium.firefox.FirefoxDriver.startClient(FirefoxDriver.java:271)
	at org.openqa.selenium.remote.RemoteWebDriver.<init>(RemoteWebDriver.java:119)
	at org.openqa.selenium.firefox.FirefoxDriver.<init>(FirefoxDriver.java:216)
	at org.openqa.selenium.firefox.FirefoxDriver.<init>(FirefoxDriver.java:211)
	at org.openqa.selenium.firefox.FirefoxDriver.<init>(FirefoxDriver.java:207)
	at org.openqa.selenium.firefox.FirefoxDriver.<init>(FirefoxDriver.java:120)
	at com.info.TestRunner.MainTest.setup(MainTest.java:27)
	at sun.reflect.NativeMethodAccessorImpl.invoke0(Native Method)
	at sun.reflect.NativeMethodAccessorImpl.invoke(NativeMethodAccessorImpl.java:62)
	at sun.reflect.DelegatingMethodAccessorImpl.invoke(DelegatingMethodAccessorImpl.java:43)
	at java.lang.reflect.Method.invoke(Method.java:498)
	at org.testng.internal.MethodInvocationHelper.invokeMethod(MethodInvocationHelper.java:80)
	at org.testng.internal.Invoker.invokeConfigurationMethod(Invoker.java:564)
	at org.testng.internal.Invoker.invokeConfigurations(Invoker.java:213)
	at org.testng.internal.Invoker.invokeConfigurations(Invoker.java:138)
	at org.testng.SuiteRunner.privateRun(SuiteRunner.java:277)
	at org.testng.SuiteRunner.run(SuiteRunner.java:240)
	at org.testng.SuiteRunnerWorker.runSuite(SuiteRunnerWorker.java:52)
	at org.testng.SuiteRunnerWorker.run(SuiteRunnerWorker.java:86)
	at org.testng.TestNG.runSuitesSequentially(TestNG.java:1198)
	at org.testng.TestNG.runSuitesLocally(TestNG.java:1123)
	at org.testng.TestNG.run(TestNG.java:1031)
	at org.testng.remote.AbstractRemoteTestNG.run(AbstractRemoteTestNG.java:132)
	at org.testng.remote.RemoteTestNG.initAndRun(RemoteTestNG.java:230)
	at org.testng.remote.RemoteTestNG.main(RemoteTestNG.java:76)
Caused by: org.openqa.selenium.firefox.NotConnectedException: Unable to connect to host 127.0.0.1 on port 7057 after 45000 ms. Firefox console output:
":"Mozilla","homepageURL":null,"contributors":["Mozilla Contributors"]},"visible":true,"active":true,"userDisabled":false,"appDisabled":false,"descriptor":"C:\\Program Files\\Mozilla Firefox\\browser\\extensions\\{972ce4c6-7e08-4474-a285-3208198ce6fd}.xpi","installDate":1490030987232,"updateDate":1490030987232,"applyBackgroundUpdates":1,"skinnable":true,"size":22012,"sourceURI":null,"releaseNotesURI":null,"softDisabled":false,"foreignInstall":false,"hasBinaryComponents":false,"strictCompatibility":true,"locales":[],"targetApplications":[{"id":"{ec8030f7-c20a-464f-9b0e-13a3a9e97384}","minVersion":"47.0.2","maxVersion":"47.0.2"}],"targetPlatforms":[],"seen":true}
1496513123120	addons.xpi	DEBUG	getModTime: Recursive scan of {972ce4c6-7e08-4474-a285-3208198ce6fd}
1496513123175	DeferredSave.extensions.json	DEBUG	Save changes
1496513123176	addons.xpi	DEBUG	Updating database with changes to installed add-ons
1496513123176	addons.xpi-utils	DEBUG	Updating add-on states
1496513123181	addons.xpi-utils	DEBUG	Writing add-ons list
1496513123200	addons.xpi	DEBUG	Registering manifest for C:\Program Files\Mozilla Firefox\browser\features\e10srollout@mozilla.org.xpi
1496513123203	addons.xpi	DEBUG	Calling bootstrap method startup on e10srollout@mozilla.org version 1.0
1496513123204	addons.xpi	DEBUG	Registering manifest for C:\Program Files\Mozilla Firefox\browser\features\firefox@getpocket.com.xpi
1496513123211	addons.xpi	DEBUG	Calling bootstrap method startup on firefox@getpocket.com version 1.0.2
1496513123261	addons.xpi	DEBUG	Registering manifest for C:\Program Files\Mozilla Firefox\browser\features\loop@mozilla.org.xpi
1496513123266	addons.xpi	DEBUG	Calling bootstrap method startup on loop@mozilla.org version 1.3.2
1496513123559	addons.xpi	DEBUG	Registering manifest for C:\Program Files\Mozilla Firefox\browser\features\websensehelper@mozilla.org.xpi
1496513123562	addons.xpi	DEBUG	Calling bootstrap method startup on websensehelper@mozilla.org version 1.0
1496513123649	addons.manager	DEBUG	Registering shutdown blocker for XPIProvider
1496513123651	addons.manager	DEBUG	Provider finished startup: XPIProvider
1496513123652	addons.manager	DEBUG	Starting provider: LightweightThemeManager
1496513123652	addons.manager	DEBUG	Registering shutdown blocker for LightweightThemeManager
1496513123654	addons.manager	DEBUG	Provider finished startup: LightweightThemeManager
1496513123660	addons.manager	DEBUG	Starting provider: GMPProvider
1496513123942	addons.manager	DEBUG	Registering shutdown blocker for GMPProvider
1496513123944	addons.manager	DEBUG	Provider finished startup: GMPProvider
1496513123945	addons.manager	DEBUG	Starting provider: PluginProvider
1496513123945	addons.manager	DEBUG	Registering shutdown blocker for PluginProvider
1496513123963	addons.manager	DEBUG	Provider finished startup: PluginProvider
1496513123965	addons.manager	DEBUG	Completed startup sequence
1496513132017	addons.manager	DEBUG	Starting provider: <unnamed-provider>
1496513132017	addons.manager	DEBUG	Registering shutdown blocker for <unnamed-provider>
1496513132144	addons.manager	DEBUG	Provider finished startup: <unnamed-provider>
1496513142590	DeferredSave.extensions.json	DEBUG	Write succeeded
1496513142592	addons.xpi-utils	DEBUG	XPI Database saved, setting schema version preference to 17
1496513142598	DeferredSave.extensions.json	DEBUG	Starting timer
1496513142671	DeferredSave.extensions.json	DEBUG	Starting write
1496513143434	addons.repository	DEBUG	No addons.json found.
1496513143589	DeferredSave.addons.json	DEBUG	Save changes
1496513143646	DeferredSave.addons.json	DEBUG	Starting timer
1496513145509	addons.manager	DEBUG	Starting provider: PreviousExperimentProvider
1496513145510	addons.manager	DEBUG	Registering shutdown blocker for PreviousExperimentProvider
1496513145513	addons.manager	DEBUG	Provider finished startup: PreviousExperimentProvider
1496513145655	DeferredSave.addons.json	DEBUG	Starting write
1496513146956	DeferredSave.extensions.json	DEBUG	Write succeeded
1496513147899	DeferredSave.addons.json	DEBUG	Write succeeded

	at org.openqa.selenium.firefox.internal.NewProfileExtensionConnection.start(NewProfileExtensionConnection.java:113)
	... 25 more
]]>
    </failure>
  </testcase> <!-- run -->
</testsuite> <!-- com.info.TestRunner.MainTest -->
